INFO  10:12:07 Application started. Press Ctrl+C to shut down.
INFO  10:12:07 Hosting environment: Development
INFO  10:12:07 Content root path: C:\Portfolio Management\DailySharePrice - Copy - With Layers
INFO  10:12:17 Fetching Stock details from DB based on users's portfolio Id
INFO  10:26:25 Application started. Press Ctrl+C to shut down.
INFO  10:26:25 Hosting environment: Development
INFO  10:26:25 Content root path: C:\Portfolio Management\DailySharePrice - Copy - With Layers
INFO  10:41:20 GetAllStocks() called
INFO  11:06:27 Application started. Press Ctrl+C to shut down.
INFO  11:06:27 Hosting environment: Development
INFO  11:06:27 Content root path: C:\Portfolio Management\DailySharePrice - Copy - With Layers
INFO  11:06:39 GetAllStocks() called
INFO  03:53:12 GetAllStocks() called
INFO  04:02:38 GetAllStocks() called
INFO  04:06:18 GetAllStocks() called
INFO  04:21:20 Application started. Press Ctrl+C to shut down.
INFO  04:21:20 Hosting environment: Development
INFO  04:21:20 Content root path: C:\Portfolio Management\DailySharePrice - Copy - With Layers
INFO  04:21:27 GetAllStocks() called
INFO  04:24:48 GetAllStocks() called
INFO  04:25:17 Application started. Press Ctrl+C to shut down.
INFO  04:25:17 Hosting environment: Development
INFO  04:25:17 Content root path: C:\Portfolio Management\DailySharePrice - Copy - With Layers
INFO  04:25:46 GetAllStocks() called
INFO  04:27:46 GetAllStocks() called
INFO  04:28:01 GetAllStocks() called
INFO  04:28:39 GetAllStocks() called
INFO  04:28:53 GetAllStocks() called
INFO  04:29:38 GetAllStocks() called
INFO  04:29:45 GetAllStocks() called
INFO  04:29:50 GetAllStocks() called
INFO  04:29:52 GetAllStocks() called
INFO  04:29:54 GetAllStocks() called
INFO  04:29:55 GetAllStocks() called
INFO  04:30:04 GetAllStocks() called
INFO  04:30:15 GetAllStocks() called
INFO  04:30:19 GetAllStocks() called
INFO  04:30:20 GetAllStocks() called
INFO  04:30:22 GetAllStocks() called
INFO  04:30:24 GetAllStocks() called
INFO  04:30:26 GetAllStocks() called
INFO  04:30:30 GetAllStocks() called
INFO  04:30:34 GetAllStocks() called
INFO  04:30:42 GetAllStocks() called
INFO  04:30:45 GetAllStocks() called
INFO  04:30:50 GetAllStocks() called
INFO  04:30:53 GetAllStocks() called
INFO  04:30:58 GetAllStocks() called
INFO  04:31:01 GetAllStocks() called
INFO  04:31:05 GetAllStocks() called
INFO  04:31:17 GetAllStocks() called
INFO  04:31:27 GetAllStocks() called
INFO  04:31:29 GetAllStocks() called
INFO  04:31:37 GetAllStocks() called
INFO  04:31:55 GetAllStocks() called
INFO  04:31:56 GetAllStocks() called
INFO  04:32:05 GetAllStocks() called
INFO  04:32:59 GetAllStocks() called
INFO  04:33:00 GetAllStocks() called
INFO  04:33:46 GetAllStocks() called
INFO  04:34:52 GetAllStocks() called
INFO  04:34:52 GetAllStocks() called
INFO  04:34:56 GetAllStocks() called
INFO  04:34:56 GetAllStocks() called
INFO  04:35:04 GetAllStocks() called
INFO  04:35:38 GetAllStocks() called
INFO  04:35:38 GetAllStocks() called
INFO  05:00:36 GetAllStocks() called
INFO  05:01:15 GetAllStocks() called
INFO  05:58:15 GetAllStocks() called
INFO  05:58:15 GetAllStocks() called
INFO  05:58:42 GetAllStocks() called
INFO  05:58:42 GetAllStocks() called
INFO  05:59:14 GetAllStocks() called
INFO  05:59:14 GetAllStocks() called
INFO  05:59:18 GetAllStocks() called
INFO  05:59:18 GetAllStocks() called
INFO  05:59:20 GetAllStocks() called
INFO  05:59:20 GetAllStocks() called
INFO  05:59:41 GetAllStocks() called
INFO  05:59:51 GetAllStocks() called
INFO  05:59:51 GetAllStocks() called
INFO  05:59:52 GetAllStocks() called
INFO  05:59:52 GetAllStocks() called
INFO  05:59:54 GetAllStocks() called
INFO  05:59:54 GetAllStocks() called
INFO  06:00:06 GetAllStocks() called
INFO  06:00:06 GetAllStocks() called
INFO  06:00:10 GetAllStocks() called
INFO  06:00:10 GetAllStocks() called
INFO  06:00:14 GetAllStocks() called
INFO  06:00:14 GetAllStocks() called
INFO  06:00:24 GetAllStocks() called
INFO  06:00:24 GetAllStocks() called
INFO  06:00:40 GetAllStocks() called
INFO  06:00:40 GetAllStocks() called
INFO  06:00:49 GetAllStocks() called
INFO  06:00:49 GetAllStocks() called
INFO  06:00:52 GetAllStocks() called
INFO  06:00:52 GetAllStocks() called
INFO  06:01:12 GetAllStocks() called
INFO  06:01:13 GetAllStocks() called
INFO  06:01:18 GetAllStocks() called
INFO  06:01:18 GetAllStocks() called
INFO  06:01:24 GetAllStocks() called
INFO  06:02:33 Application started. Press Ctrl+C to shut down.
INFO  06:02:33 Hosting environment: Development
INFO  06:02:33 Content root path: C:\Portfolio Management\DailySharePrice - Copy - With Layers
INFO  06:03:26 GetAllStocks() called
INFO  06:04:17 GetAllStocks() called
INFO  06:17:48 GetAllStocks() called
INFO  06:18:06 GetAllStocks() called
INFO  06:18:07 GetAllStocks() called
INFO  06:18:08 GetAllStocks() called
INFO  06:18:48 GetAllStocks() called
INFO  06:19:27 GetAllStocks() called
INFO  06:20:13 GetAllStocks() called
INFO  06:20:13 GetAllStocks() called
INFO  06:20:17 GetAllStocks() called
INFO  06:20:17 GetAllStocks() called
INFO  06:20:20 GetAllStocks() called
INFO  06:20:20 GetAllStocks() called
INFO  06:20:26 GetAllStocks() called
INFO  06:20:26 GetAllStocks() called
INFO  06:20:32 GetAllStocks() called
INFO  06:20:32 GetAllStocks() called
INFO  06:22:30 GetAllStocks() called
INFO  06:22:30 GetAllStocks() called
INFO  06:28:28 GetAllStocks() called
INFO  06:28:29 GetAllStocks() called
INFO  06:28:30 GetAllStocks() called
INFO  06:28:31 GetAllStocks() called
INFO  06:28:40 GetAllStocks() called
INFO  06:28:40 GetAllStocks() called
INFO  06:28:42 GetAllStocks() called
INFO  06:28:42 GetAllStocks() called
INFO  06:28:50 GetAllStocks() called
INFO  06:28:51 GetAllStocks() called
INFO  06:29:14 GetAllStocks() called
INFO  06:29:14 GetAllStocks() called
INFO  06:29:21 GetAllStocks() called
INFO  06:29:21 GetAllStocks() called
INFO  06:29:23 GetAllStocks() called
INFO  06:29:23 GetAllStocks() called
INFO  06:29:26 GetAllStocks() called
INFO  06:29:33 GetAllStocks() called
INFO  06:29:33 GetAllStocks() called
INFO  06:29:48 GetAllStocks() called
INFO  06:29:48 GetAllStocks() called
INFO  06:29:53 GetAllStocks() called
INFO  06:29:53 GetAllStocks() called
INFO  06:30:03 GetAllStocks() called
INFO  06:30:03 GetAllStocks() called
INFO  06:30:05 GetAllStocks() called
INFO  06:30:05 GetAllStocks() called
INFO  06:30:09 GetAllStocks() called
INFO  06:30:09 GetAllStocks() called
INFO  06:30:12 GetAllStocks() called
INFO  06:30:12 GetAllStocks() called
INFO  06:45:15 GetAllStocks() called
INFO  06:45:16 GetAllStocks() called
INFO  06:45:21 GetAllStocks() called
INFO  06:45:21 GetAllStocks() called
INFO  06:45:23 GetAllStocks() called
INFO  06:45:23 GetAllStocks() called
INFO  06:45:25 GetAllStocks() called
INFO  06:45:25 GetAllStocks() called
INFO  06:45:43 GetAllStocks() called
INFO  06:45:43 GetAllStocks() called
INFO  06:45:50 GetAllStocks() called
INFO  06:45:50 GetAllStocks() called
INFO  06:49:37 GetAllStocks() called
INFO  06:50:53 GetAllStocks() called
INFO  06:52:25 GetAllStocks() called
INFO  06:52:26 GetAllStocks() called
INFO  06:52:27 GetAllStocks() called
INFO  06:52:30 GetAllStocks() called
INFO  06:53:09 GetAllStocks() called
INFO  06:53:13 GetAllStocks() called
INFO  06:59:32 GetAllStocks() called
INFO  07:07:05 GetAllStocks() called
INFO  07:11:04 GetAllStocks() called
INFO  07:13:44 GetAllStocks() called
INFO  07:14:06 GetAllStocks() called
INFO  07:14:19 GetAllStocks() called
INFO  07:14:23 GetAllStocks() called
INFO  07:15:09 GetAllStocks() called
INFO  07:15:31 GetAllStocks() called
INFO  07:22:18 GetAllStocks() called
INFO  07:22:23 GetAllStocks() called
INFO  08:37:59 GetAllStocks() called
INFO  08:38:39 GetAllStocks() called
INFO  08:38:40 GetAllStocks() called
INFO  08:45:47 GetAllStocks() called
INFO  08:45:47 GetAllStocks() called
INFO  08:46:43 GetAllStocks() called
INFO  09:23:51 GetAllStocks() called
INFO  09:30:58 GetAllStocks() called
INFO  09:31:15 Fetching Stock details from DB based on users's portfolio Id
INFO  03:01:13 GetAllStocks() called
INFO  03:03:34 GetAllStocks() called
INFO  03:03:37 GetAllStocks() called
INFO  03:03:44 GetAllStocks() called
INFO  03:03:48 GetAllStocks() called
INFO  03:03:57 GetAllStocks() called
INFO  03:04:04 GetAllStocks() called
INFO  03:04:09 GetAllStocks() called
INFO  03:04:14 GetAllStocks() called
INFO  03:04:18 GetAllStocks() called
INFO  03:04:20 GetAllStocks() called
INFO  03:04:25 GetAllStocks() called
INFO  03:04:28 GetAllStocks() called
INFO  03:04:47 GetAllStocks() called
INFO  03:04:48 GetAllStocks() called
INFO  03:04:52 GetAllStocks() called
INFO  03:05:02 GetAllStocks() called
INFO  03:05:08 GetAllStocks() called
INFO  03:05:16 GetAllStocks() called
INFO  03:05:23 GetAllStocks() called
INFO  03:05:29 GetAllStocks() called
INFO  03:05:52 GetAllStocks() called
INFO  03:05:55 GetAllStocks() called
INFO  03:05:57 GetAllStocks() called
INFO  03:06:07 GetAllStocks() called
INFO  03:06:12 GetAllStocks() called
INFO  03:06:16 GetAllStocks() called
INFO  03:06:19 GetAllStocks() called
INFO  03:06:20 GetAllStocks() called
INFO  03:06:21 GetAllStocks() called
INFO  03:06:25 GetAllStocks() called
INFO  03:06:29 GetAllStocks() called
INFO  03:06:31 GetAllStocks() called
INFO  03:06:32 GetAllStocks() called
INFO  03:06:38 GetAllStocks() called
INFO  03:06:41 GetAllStocks() called
INFO  03:06:47 GetAllStocks() called
INFO  03:06:52 GetAllStocks() called
INFO  03:06:53 GetAllStocks() called
INFO  03:07:11 GetAllStocks() called
INFO  03:07:15 GetAllStocks() called
INFO  03:07:19 GetAllStocks() called
INFO  03:07:24 GetAllStocks() called
INFO  03:08:08 GetAllStocks() called
INFO  03:08:11 GetAllStocks() called
INFO  03:08:12 GetAllStocks() called
INFO  03:08:15 GetAllStocks() called
INFO  03:08:17 GetAllStocks() called
INFO  03:08:21 GetAllStocks() called
INFO  03:08:22 GetAllStocks() called
INFO  03:08:23 GetAllStocks() called
INFO  03:58:14 GetAllStocks() called
INFO  03:58:16 GetAllStocks() called
INFO  03:58:21 GetAllStocks() called
INFO  04:04:18 GetAllStocks() called
INFO  04:04:19 GetAllStocks() called
INFO  04:04:50 GetAllStocks() called
INFO  04:05:56 GetAllStocks() called
INFO  04:06:00 GetAllStocks() called
INFO  04:06:07 GetAllStocks() called
INFO  04:06:11 GetAllStocks() called
INFO  04:13:19 GetAllStocks() called
INFO  04:13:36 GetAllStocks() called
INFO  04:13:45 GetAllStocks() called
INFO  04:14:03 GetAllStocks() called
INFO  04:14:22 GetAllStocks() called
INFO  04:14:34 GetAllStocks() called
INFO  04:28:49 GetAllStocks() called
INFO  04:29:07 GetAllStocks() called
INFO  04:29:09 GetAllStocks() called
INFO  04:29:24 GetAllStocks() called
INFO  04:29:56 GetAllStocks() called
INFO  04:30:16 GetAllStocks() called
INFO  04:30:56 GetAllStocks() called
INFO  04:40:44 GetAllStocks() called
INFO  04:41:14 GetAllStocks() called
INFO  04:41:15 GetAllStocks() called
INFO  04:41:46 GetAllStocks() called
INFO  04:41:55 GetAllStocks() called
INFO  04:41:59 GetAllStocks() called
INFO  04:42:14 GetAllStocks() called
INFO  04:42:20 GetAllStocks() called
INFO  04:42:24 GetAllStocks() called
INFO  04:42:32 GetAllStocks() called
INFO  04:43:14 GetAllStocks() called
INFO  04:43:31 GetAllStocks() called
INFO  04:44:04 GetAllStocks() called
INFO  04:44:12 GetAllStocks() called
INFO  04:44:16 GetAllStocks() called
INFO  04:44:32 GetAllStocks() called
INFO  04:44:37 GetAllStocks() called
INFO  04:44:44 GetAllStocks() called
INFO  04:44:50 GetAllStocks() called
INFO  04:45:45 GetAllStocks() called
INFO  04:45:46 GetAllStocks() called
INFO  04:45:46 GetAllStocks() called
INFO  04:47:32 GetAllStocks() called
INFO  04:47:33 GetAllStocks() called
INFO  04:53:24 GetAllStocks() called
INFO  04:54:34 GetAllStocks() called
INFO  04:54:45 GetAllStocks() called
INFO  04:58:00 GetAllStocks() called
INFO  04:58:29 GetAllStocks() called
INFO  04:58:35 GetAllStocks() called
INFO  04:58:42 GetAllStocks() called
INFO  04:58:54 GetAllStocks() called
INFO  04:59:16 GetAllStocks() called
INFO  04:59:25 GetAllStocks() called
INFO  08:03:45 GetAllStocks() called
INFO  08:03:52 GetAllStocks() called
INFO  08:04:44 GetAllStocks() called
INFO  08:04:54 GetAllStocks() called
INFO  08:04:58 GetAllStocks() called
INFO  08:07:10 GetAllStocks() called
INFO  08:07:16 GetAllStocks() called
INFO  08:07:33 GetAllStocks() called
INFO  08:20:49 GetAllStocks() called
INFO  08:21:10 GetAllStocks() called
INFO  08:21:17 GetAllStocks() called
INFO  08:23:31 GetAllStocks() called
INFO  08:23:31 GetAllStocks() called
INFO  08:24:20 GetAllStocks() called
INFO  08:24:20 GetAllStocks() called
INFO  08:24:23 GetAllStocks() called
INFO  08:24:24 GetAllStocks() called
INFO  08:24:26 GetAllStocks() called
INFO  08:26:02 GetAllStocks() called
INFO  08:26:02 GetAllStocks() called
INFO  08:26:04 GetAllStocks() called
INFO  08:26:05 GetAllStocks() called
INFO  08:26:25 GetAllStocks() called
INFO  08:26:25 GetAllStocks() called
INFO  08:27:04 GetAllStocks() called
INFO  08:27:04 GetAllStocks() called
INFO  08:27:39 GetAllStocks() called
INFO  08:27:39 GetAllStocks() called
INFO  08:27:42 GetAllStocks() called
INFO  08:27:42 GetAllStocks() called
INFO  08:48:20 GetAllStocks() called
INFO  08:49:17 GetAllStocks() called
INFO  08:50:18 GetAllStocks() called
INFO  08:51:27 GetAllStocks() called
INFO  08:51:31 GetAllStocks() called
INFO  08:52:02 GetAllStocks() called
INFO  08:54:13 GetAllStocks() called
INFO  08:54:25 GetAllStocks() called
INFO  09:12:51 GetAllStocks() called
INFO  09:12:55 GetAllStocks() called
INFO  09:19:27 GetAllStocks() called
INFO  09:19:30 GetAllStocks() called
INFO  09:19:31 GetAllStocks() called
INFO  09:19:35 GetAllStocks() called
INFO  09:19:39 GetAllStocks() called
INFO  09:19:52 GetAllStocks() called
INFO  09:23:36 GetAllStocks() called
INFO  09:23:44 GetAllStocks() called
INFO  09:24:00 GetAllStocks() called
INFO  09:24:04 GetAllStocks() called
INFO  09:24:17 GetAllStocks() called
INFO  09:24:26 GetAllStocks() called
INFO  09:38:03 GetAllStocks() called
INFO  09:38:05 GetAllStocks() called
INFO  09:41:37 GetAllStocks() called
INFO  11:18:50 GetAllStocks() called
INFO  01:54:25 Application started. Press Ctrl+C to shut down.
INFO  01:54:25 Hosting environment: Development
INFO  01:54:25 Content root path: C:\Portfolio Management\DailySharePrice - Copy - With Layers
INFO  01:54:30 GetAllStocks() called
INFO  01:54:40 GetAllStocks() called
INFO  01:54:42 GetAllStocks() called
INFO  01:54:57 GetAllStocks() called
INFO  01:54:59 GetAllStocks() called
INFO  01:55:02 GetAllStocks() called
INFO  01:55:23 GetAllStocks() called
INFO  01:55:46 GetAllStocks() called
INFO  01:55:48 GetAllStocks() called
INFO  01:55:50 GetAllStocks() called
INFO  01:56:04 GetAllStocks() called
INFO  01:56:25 GetAllStocks() called
INFO  01:56:29 GetAllStocks() called
INFO  01:56:32 GetAllStocks() called
INFO  01:56:40 GetAllStocks() called
INFO  01:56:47 GetAllStocks() called
INFO  01:56:54 GetAllStocks() called
INFO  01:57:09 GetAllStocks() called
INFO  01:57:54 GetAllStocks() called
INFO  01:58:00 GetAllStocks() called
INFO  01:58:02 GetAllStocks() called
INFO  03:39:44 GetAllStocks() called
INFO  03:44:27 GetAllStocks() called
INFO  03:44:48 GetAllStocks() called
INFO  03:44:53 GetAllStocks() called
INFO  03:45:44 GetAllStocks() called
INFO  03:45:46 GetAllStocks() called
INFO  03:47:10 GetAllStocks() called
INFO  03:48:19 GetAllStocks() called
INFO  03:48:20 GetAllStocks() called
INFO  03:48:23 GetAllStocks() called
INFO  03:48:24 GetAllStocks() called
INFO  03:48:28 GetAllStocks() called
INFO  03:48:52 GetAllStocks() called
INFO  03:49:21 GetAllStocks() called
INFO  03:49:22 GetAllStocks() called
INFO  03:49:24 GetAllStocks() called
INFO  03:49:26 GetAllStocks() called
INFO  03:49:29 GetAllStocks() called
INFO  03:49:31 GetAllStocks() called
INFO  03:54:07 GetAllStocks() called
INFO  03:54:08 GetAllStocks() called
INFO  03:54:10 GetAllStocks() called
INFO  03:54:11 GetAllStocks() called
INFO  03:54:12 GetAllStocks() called
INFO  03:54:13 GetAllStocks() called
INFO  03:54:17 GetAllStocks() called
INFO  03:54:19 GetAllStocks() called
INFO  04:22:47 GetAllStocks() called
INFO  04:48:01 GetAllStocks() called
INFO  07:05:22 Application started. Press Ctrl+C to shut down.
INFO  07:05:22 Hosting environment: Development
INFO  07:05:22 Content root path: C:\Portfolio Management\DailySharePrice - Copy - With Layers
INFO  07:05:30 GetAllStocks() called
INFO  07:07:28 GetAllStocks() called
INFO  08:02:33 GetAllStocks() called
INFO  08:21:05 GetAllStocks() called
INFO  08:28:22 GetAllStocks() called
INFO  08:28:28 GetAllStocks() called
INFO  08:28:38 GetAllStocks() called
INFO  08:28:40 GetAllStocks() called
INFO  08:37:44 GetAllStocks() called
INFO  08:37:52 GetAllStocks() called
INFO  08:37:57 GetAllStocks() called
INFO  08:38:00 GetAllStocks() called
INFO  08:39:26 GetAllStocks() called
INFO  08:39:59 GetAllStocks() called
INFO  08:41:14 GetAllStocks() called
INFO  08:41:56 GetAllStocks() called
INFO  08:43:50 GetAllStocks() called
INFO  08:43:59 GetAllStocks() called
INFO  08:45:05 GetAllStocks() called
INFO  08:46:11 GetAllStocks() called
INFO  08:46:41 GetAllStocks() called
INFO  08:47:53 GetAllStocks() called
INFO  08:48:10 GetAllStocks() called
INFO  08:48:21 GetAllStocks() called
INFO  08:49:06 GetAllStocks() called
INFO  08:49:07 GetAllStocks() called
INFO  08:49:17 GetAllStocks() called
INFO  08:49:18 GetAllStocks() called
INFO  08:49:23 GetAllStocks() called
INFO  08:49:36 GetAllStocks() called
INFO  08:49:54 GetAllStocks() called
INFO  08:55:15 GetAllStocks() called
INFO  01:54:01 GetAllStocks() called
INFO  01:56:42 GetAllStocks() called
INFO  01:56:55 GetAllStocks() called
INFO  01:56:58 GetAllStocks() called
INFO  01:59:01 GetAllStocks() called
INFO  01:59:52 GetAllStocks() called
INFO  02:00:33 GetAllStocks() called
INFO  02:01:32 GetAllStocks() called
INFO  02:27:16 GetAllStocks() called
INFO  02:27:32 GetAllStocks() called
INFO  02:28:05 GetAllStocks() called
INFO  02:28:28 GetAllStocks() called
INFO  02:29:50 GetAllStocks() called
INFO  02:29:52 GetAllStocks() called
INFO  02:29:53 GetAllStocks() called
INFO  02:29:55 GetAllStocks() called
INFO  02:30:17 GetAllStocks() called
INFO  02:30:20 GetAllStocks() called
INFO  02:31:57 GetAllStocks() called
INFO  02:32:02 GetAllStocks() called
INFO  02:33:01 GetAllStocks() called
INFO  02:33:05 GetAllStocks() called
INFO  02:52:46 GetAllStocks() called
INFO  02:53:07 GetAllStocks() called
INFO  03:03:04 GetAllStocks() called
INFO  03:04:59 GetAllStocks() called
INFO  04:05:25 GetAllStocks() called
INFO  04:06:40 GetAllStocks() called
INFO  04:07:01 GetAllStocks() called
INFO  04:08:34 GetAllStocks() called
INFO  04:08:39 GetAllStocks() called
INFO  04:08:52 GetAllStocks() called
INFO  04:28:10 GetAllStocks() called
INFO  04:28:15 GetAllStocks() called
INFO  04:29:12 GetAllStocks() called
INFO  04:54:02 GetAllStocks() called
INFO  04:54:54 GetAllStocks() called
INFO  04:55:00 GetAllStocks() called
INFO  04:55:02 GetAllStocks() called
INFO  04:57:56 GetAllStocks() called
INFO  04:59:58 GetAllStocks() called
INFO  05:00:16 GetAllStocks() called
INFO  05:00:25 GetAllStocks() called
INFO  05:00:41 GetAllStocks() called
INFO  05:00:44 GetAllStocks() called
INFO  05:00:50 GetAllStocks() called
INFO  05:00:56 GetAllStocks() called
INFO  05:01:00 GetAllStocks() called
INFO  05:02:41 GetAllStocks() called
INFO  05:03:17 GetAllStocks() called
INFO  05:03:25 GetAllStocks() called
INFO  05:59:04 GetAllStocks() called
INFO  05:59:56 GetAllStocks() called
INFO  06:16:06 GetAllStocks() called
INFO  06:16:09 GetAllStocks() called
INFO  06:33:42 GetAllStocks() called
INFO  06:33:43 GetAllStocks() called
INFO  07:35:35 GetAllStocks() called
INFO  07:35:46 GetAllStocks() called
INFO  09:05:04 GetAllStocks() called
INFO  09:05:13 GetAllStocks() called
INFO  09:08:26 GetAllStocks() called
INFO  09:11:34 GetAllStocks() called
INFO  09:11:37 GetAllStocks() called
INFO  09:11:39 GetAllStocks() called
INFO  09:11:47 GetAllStocks() called
INFO  09:11:49 GetAllStocks() called
INFO  09:12:09 GetAllStocks() called
INFO  09:12:36 GetAllStocks() called
INFO  09:12:43 GetAllStocks() called
INFO  09:12:50 GetAllStocks() called
INFO  09:12:58 GetAllStocks() called
INFO  09:13:01 GetAllStocks() called
INFO  09:13:02 GetAllStocks() called
INFO  09:13:06 GetAllStocks() called
INFO  09:13:07 GetAllStocks() called
INFO  09:13:15 GetAllStocks() called
INFO  09:13:17 GetAllStocks() called
INFO  09:13:22 GetAllStocks() called
INFO  09:13:24 GetAllStocks() called
INFO  09:13:26 GetAllStocks() called
INFO  09:13:32 GetAllStocks() called
INFO  09:13:36 GetAllStocks() called
INFO  09:13:47 GetAllStocks() called
INFO  09:13:51 GetAllStocks() called
INFO  09:13:59 GetAllStocks() called
INFO  09:13:59 GetAllStocks() called
INFO  09:14:01 GetAllStocks() called
INFO  09:14:14 GetAllStocks() called
INFO  09:14:25 GetAllStocks() called
INFO  09:14:27 GetAllStocks() called
INFO  09:14:39 GetAllStocks() called
INFO  09:14:55 GetAllStocks() called
INFO  09:15:24 GetAllStocks() called
INFO  09:15:27 GetAllStocks() called
INFO  09:15:42 GetAllStocks() called
INFO  09:15:53 GetAllStocks() called
INFO  09:15:54 GetAllStocks() called
INFO  09:15:58 GetAllStocks() called
INFO  09:16:12 GetAllStocks() called
INFO  09:16:15 GetAllStocks() called
INFO  09:16:18 GetAllStocks() called
INFO  09:17:02 GetAllStocks() called
INFO  09:17:04 GetAllStocks() called
INFO  09:18:26 GetAllStocks() called
INFO  09:18:32 GetAllStocks() called
INFO  09:18:37 GetAllStocks() called
INFO  09:18:42 GetAllStocks() called
INFO  09:18:44 GetAllStocks() called
INFO  09:18:46 GetAllStocks() called
INFO  09:19:09 GetAllStocks() called
INFO  09:19:10 GetAllStocks() called
INFO  09:19:11 GetAllStocks() called
INFO  09:19:14 GetAllStocks() called
INFO  09:19:20 GetAllStocks() called
INFO  09:19:22 GetAllStocks() called
INFO  09:19:26 GetAllStocks() called
INFO  09:19:34 GetAllStocks() called
INFO  09:19:38 GetAllStocks() called
INFO  09:19:45 GetAllStocks() called
INFO  09:19:53 GetAllStocks() called
INFO  09:19:56 GetAllStocks() called
INFO  09:20:07 GetAllStocks() called
INFO  09:20:11 GetAllStocks() called
INFO  09:20:17 GetAllStocks() called
INFO  09:20:19 GetAllStocks() called
INFO  09:20:22 GetAllStocks() called
INFO  09:20:33 GetAllStocks() called
INFO  09:20:46 GetAllStocks() called
INFO  09:20:48 GetAllStocks() called
INFO  09:21:01 GetAllStocks() called
INFO  09:21:21 GetAllStocks() called
INFO  09:21:26 GetAllStocks() called
INFO  09:23:15 GetAllStocks() called
INFO  09:24:03 GetAllStocks() called
INFO  09:32:25 GetAllStocks() called
INFO  09:32:27 GetAllStocks() called
INFO  09:32:31 GetAllStocks() called
INFO  09:32:35 GetAllStocks() called
INFO  09:32:51 GetAllStocks() called
INFO  09:33:36 GetAllStocks() called
INFO  09:34:21 GetAllStocks() called
INFO  09:36:02 GetAllStocks() called
INFO  09:37:42 GetAllStocks() called
INFO  09:38:24 GetAllStocks() called
INFO  11:23:18 GetAllStocks() called
INFO  11:23:51 GetAllStocks() called
INFO  11:38:06 GetAllStocks() called
INFO  12:00:29 GetAllStocks() called
INFO  12:09:31 Application started. Press Ctrl+C to shut down.
INFO  12:09:31 Hosting environment: Development
INFO  12:09:32 Content root path: C:\Portfolio Management\DailySharePrice - Copy - With Layers
INFO  12:09:54 GetAllStocks() called
INFO  12:26:30 GetAllStocks() called
INFO  12:26:33 GetAllStocks() called
INFO  12:28:29 GetAllStocks() called
INFO  12:30:23 GetAllStocks() called
INFO  12:30:30 GetAllStocks() called
INFO  12:30:46 GetAllStocks() called
INFO  12:31:30 GetAllStocks() called
INFO  12:31:59 GetAllStocks() called
INFO  12:33:10 GetAllStocks() called
INFO  12:49:15 GetAllStocks() called
INFO  12:49:17 GetAllStocks() called
INFO  12:52:09 GetAllStocks() called
INFO  12:52:28 GetAllStocks() called
INFO  12:52:58 GetAllStocks() called
INFO  01:07:12 Application started. Press Ctrl+C to shut down.
INFO  01:07:12 Hosting environment: Development
INFO  01:07:12 Content root path: C:\Portfolio Management\DailySharePrice - Copy - With Layers
